<?xml version="1.0" encoding="UTF-8"?>
<!-- Generated by org.testng.reporters.JUnitReportReporter -->
<testsuite hostname="DESKTOP-AID1054" failures="0" tests="1" name="testngpack.Remo" time="0.007" errors="0" timestamp="2022-06-04T08:51:13 IST" skipped="0">
  <testcase classname="testngpack.Remo" name="a" time="0.007"/>
  <system-out>
    <![CDATA[Remo class method]]>
  </system-out>
</testsuite> <!-- testngpack.Remo -->
