<?xml version="1.0" encoding="UTF-8"?>
<!-- Generated by org.testng.reporters.JUnitReportReporter -->
<testsuite hostname="DESKTOP-AID1054" failures="0" tests="12" name="testngflags.Flag7" time="0.041" errors="0" timestamp="2022-06-06T09:23:48 IST" skipped="0">
  <testcase classname="testngflags.Flag7" name="fT3" time="0.002"/>
  <system-out>
    <![CDATA[ft3]]>
  </system-out>
  <testcase classname="testngflags.Flag7" name="fT5" time="0.005"/>
  <system-out>
    <![CDATA[ft5]]>
  </system-out>
  <testcase classname="testngflags.Flag7" name="it1" time="0.002"/>
  <system-out>
    <![CDATA[it1]]>
  </system-out>
  <testcase classname="testngflags.Flag7" name="it2" time="0.002"/>
  <system-out>
    <![CDATA[it2]]>
  </system-out>
  <testcase classname="testngflags.Flag7" name="fT1" time="0.015"/>
  <system-out>
    <![CDATA[ft1]]>
  </system-out>
  <testcase classname="testngflags.Flag7" name="it3" time="0.001"/>
  <system-out>
    <![CDATA[it3]]>
  </system-out>
  <testcase classname="testngflags.Flag7" name="it5" time="0.002"/>
  <system-out>
    <![CDATA[it5]]>
  </system-out>
  <testcase classname="testngflags.Flag7" name="fT2" time="0.002"/>
  <system-out>
    <![CDATA[ft2]]>
  </system-out>
  <testcase classname="testngflags.Flag7" name="it6" time="0.003"/>
  <system-out>
    <![CDATA[it6]]>
  </system-out>
  <testcase classname="testngflags.Flag7" name="fT4" time="0.002"/>
  <system-out>
    <![CDATA[ft4]]>
  </system-out>
  <testcase classname="testngflags.Flag7" name="fT6" time="0.002"/>
  <system-out>
    <![CDATA[ft6]]>
  </system-out>
  <testcase classname="testngflags.Flag7" name="it4" time="0.003"/>
  <system-out>
    <![CDATA[it4]]>
  </system-out>
</testsuite> <!-- testngflags.Flag7 -->
